<?xml version="1.0" encoding="UTF-8"?>
<testsuite xmlns:xsi="http://www.w3.org/2001/XMLSchema-instance" xsi:noNamespaceSchemaLocation="https://maven.apache.org/surefire/maven-surefire-plugin/xsd/surefire-test-report.xsd" name="ru.netology.manager.FilmManagerTest" time="0.104" tests="3" errors="0" skipped="0" failures="0">
  <properties>
[...]
</properties>
  <testcase name="addMore" classname="ru.netology.manager.FilmManagerTest" time="0.052"/>
  <testcase name="deleteAllFromManager" classname="ru.netology.manager.FilmManagerTest" time="0"/>
  <testcase name="AddFilmToManager" classname="ru.netology.manager.FilmManagerTest" time="0"/>
</testsuite>